<?xml version="1.0" encoding="UTF-8"?>
<testng-results ignored="0" total="2" passed="2" failed="0" skipped="0">
  <reporter-output>
  </reporter-output>
  <suite started-at="2022-10-02T19:02:11 IST" name="Default suite" finished-at="2022-10-02T19:03:16 IST" duration-ms="65328">
    <groups>
    </groups>
    <test started-at="2022-10-02T19:02:11 IST" name="Default test" finished-at="2022-10-02T19:03:16 IST" duration-ms="65328">
      <class name="com.application">
        <test-method is-config="true" signature="startbrowser()[pri:0, instance:com.application@21e360a]" started-at="2022-10-02T19:02:11 IST" name="startbrowser" finished-at="2022-10-02T19:02:16 IST" duration-ms="5388" status="PASS">
          <reporter-output>
          </reporter-output>
        </test-method> <!-- startbrowser -->
        <test-method signature="signup()[pri:1, instance:com.application@21e360a]" started-at="2022-10-02T19:02:16 IST" name="signup" finished-at="2022-10-02T19:02:50 IST" duration-ms="33704" status="PASS">
          <reporter-output>
          </reporter-output>
        </test-method> <!-- signup -->
        <test-method is-config="true" signature="closeBrowser()[pri:0, instance:com.application@21e360a]" started-at="2022-10-02T19:02:50 IST" name="closeBrowser" finished-at="2022-10-02T19:02:52 IST" duration-ms="2525" status="PASS">
          <reporter-output>
          </reporter-output>
        </test-method> <!-- closeBrowser -->
        <test-method is-config="true" signature="startbrowser()[pri:0, instance:com.application@21e360a]" started-at="2022-10-02T19:02:52 IST" name="startbrowser" finished-at="2022-10-02T19:02:56 IST" duration-ms="3715" status="PASS">
          <reporter-output>
          </reporter-output>
        </test-method> <!-- startbrowser -->
        <test-method signature="signin()[pri:2, instance:com.application@21e360a]" started-at="2022-10-02T19:02:56 IST" name="signin" finished-at="2022-10-02T19:03:13 IST" duration-ms="17482" status="PASS">
          <reporter-output>
          </reporter-output>
        </test-method> <!-- signin -->
        <test-method is-config="true" signature="closeBrowser()[pri:0, instance:com.application@21e360a]" started-at="2022-10-02T19:03:13 IST" name="closeBrowser" finished-at="2022-10-02T19:03:16 IST" duration-ms="2450" status="PASS">
          <reporter-output>
          </reporter-output>
        </test-method> <!-- closeBrowser -->
      </class> <!-- com.application -->
    </test> <!-- Default test -->
  </suite> <!-- Default suite -->
</testng-results>
