<?xml version="1.0" encoding="UTF-8"?>
<!-- Generated by org.testng.reporters.JUnitXMLReporter -->
<testsuite ignored="0" hostname="DESKTOP-HGBQ36F" failures="0" tests="3" name="ParamTest" time="0.11" errors="0" timestamp="2022-09-28T10:03:25 IST">
  <testcase classname="testpkg.ParamTest" name="applyForLoan" time="0.011"/>
  <testcase classname="testpkg.ParamTest" name="applyForLoan" time="0.004"/>
  <testcase classname="testpkg.ParamTest" name="applyForLoan" time="0.004"/>
</testsuite> <!-- ParamTest -->
