<?xml version="1.0" encoding="UTF-8"?>
<!-- Generated by org.testng.reporters.JUnitXMLReporter -->
<testsuite ignored="0" hostname="DESKTOP-HGBQ36F" failures="0" tests="3" name="HomeLoanTests" time="0.07" errors="0" timestamp="2022-09-28T11:07:17 IST">
  <testcase classname="loanapplications.HomeLoanApplicationTests" name="HomeLoanLoginAPI" time="0.002"/>
  <testcase classname="loanapplications.HomeLoanApplicationTests" name="HomeLoanLoginMobile" time="0.0"/>
  <testcase classname="loanapplications.HomeLoanApplicationTests" name="HomeLoanLoginWeb" time="0.001"/>
</testsuite> <!-- HomeLoanTests -->
