<?xml version="1.0" encoding="UTF-8"?>
<testng-results ignored="0" total="3" passed="3" failed="0" skipped="0">
  <reporter-output>
  </reporter-output>
  <suite started-at="2022-10-10T20:59:06 IST" name="Suite" finished-at="2022-10-10T20:59:49 IST" duration-ms="43540">
    <groups>
    </groups>
    <test started-at="2022-10-10T20:59:06 IST" name="Test" finished-at="2022-10-10T20:59:49 IST" duration-ms="43540">
      <class name="com.application">
        <test-method is-config="true" signature="startBrowser()[pri:0, instance:com.application@bae7dc0]" started-at="2022-10-10T20:59:06 IST" name="startBrowser" finished-at="2022-10-10T20:59:34 IST" duration-ms="28154" status="PASS">
          <reporter-output>
          </reporter-output>
        </test-method> <!-- startBrowser -->
        <test-method signature="loadtime()[pri:1, instance:com.application@bae7dc0]" started-at="2022-10-10T20:59:34 IST" name="loadtime" finished-at="2022-10-10T20:59:34 IST" duration-ms="160" status="PASS">
          <reporter-output>
          </reporter-output>
        </test-method> <!-- loadtime -->
        <test-method signature="search()[pri:2, instance:com.application@bae7dc0]" started-at="2022-10-10T20:59:34 IST" name="search" finished-at="2022-10-10T20:59:41 IST" duration-ms="6441" status="PASS">
          <reporter-output>
          </reporter-output>
        </test-method> <!-- search -->
        <test-method signature="scroll()[pri:3, instance:com.application@bae7dc0]" started-at="2022-10-10T20:59:41 IST" name="scroll" finished-at="2022-10-10T20:59:47 IST" duration-ms="6184" status="PASS">
          <reporter-output>
          </reporter-output>
        </test-method> <!-- scroll -->
        <test-method is-config="true" signature="closeBrowser()[pri:0, instance:com.application@bae7dc0]" started-at="2022-10-10T20:59:47 IST" name="closeBrowser" finished-at="2022-10-10T20:59:49 IST" duration-ms="2518" status="PASS">
          <reporter-output>
          </reporter-output>
        </test-method> <!-- closeBrowser -->
      </class> <!-- com.application -->
    </test> <!-- Test -->
  </suite> <!-- Suite -->
</testng-results>
